# JRE version: OpenJDK Runtime Environment Temurin-17.0.8.1+1 (17.0.8.1+1) (build 17.0.8.1+1)
# Java VM: OpenJDK 64-Bit Server VM Temurin-17.0.8.1+1 (17.0.8.1+1, mixed mode, tiered, compressed oops, compressed class ptrs, g1 gc, windows-amd64)
GC Precious Log:
 CPUs: 2 total, 2 available
 Memory: 1961M
 Large Page Support: Disabled
 NUMA Support: Disabled
 Compressed Oops: Enabled (32-bit)
 Heap Region Size: 1M
 Heap Min Capacity: 8M
 Heap Initial Capacity: 32M
 Heap Max Capacity: 492M
 Pre-touch: Disabled
 Parallel Workers: 2
 Concurrent Workers: 1
 Concurrent Refinement Workers: 2
 Periodic GC: Disabled
Heap:
 garbage-first heap   total 118784K, used 46406K [0x00000000e1400000, 0x0000000100000000)
  region size 1024K, 4 young (4096K), 1 survivors (1024K)
 Metaspace       used 67916K, committed 68480K, reserved 1114112K
  class space    used 8120K, committed 8384K, reserved 1048576K
GC Heap History (20 events):
Event: 4728.181 GC heap before
{Heap before GC invocations=118 (full 9):
 garbage-first heap   total 96256K, used 43105K [0x00000000e1400000, 0x0000000100000000)
  region size 1024K, 4 young (4096K), 1 survivors (1024K)
 Metaspace       used 67732K, committed 68288K, reserved 1114112K
  class space    used 8100K, committed 8384K, reserved 1048576K
}
Event: 4728.190 GC heap after
{Heap after GC invocations=119 (full 9):
 garbage-first heap   total 96256K, used 40236K [0x00000000e1400000, 0x0000000100000000)
  region size 1024K, 1 young (1024K), 1 survivors (1024K)
 Metaspace       used 67732K, committed 68288K, reserved 1114112K
  class space    used 8100K, committed 8384K, reserved 1048576K
}
Event: 4728.620 GC heap before
{Heap before GC invocations=119 (full 9):
 garbage-first heap   total 96256K, used 43308K [0x00000000e1400000, 0x0000000100000000)
  region size 1024K, 4 young (4096K), 1 survivors (1024K)
 Metaspace       used 67732K, committed 68288K, reserved 1114112K
  class space    used 8100K, committed 8384K, reserved 1048576K
}
Event: 4728.633 GC heap after
{Heap after GC invocations=120 (full 9):
 garbage-first heap   total 96256K, used 40520K [0x00000000e1400000, 0x0000000100000000)
  region size 1024K, 1 young (1024K), 1 survivors (1024K)
 Metaspace       used 67732K, committed 68288K, reserved 1114112K
  class space    used 8100K, committed 8384K, reserved 1048576K
}
Event: 4729.893 GC heap before
{Heap before GC invocations=120 (full 9):
 garbage-first heap   total 96256K, used 45640K [0x00000000e1400000, 0x0000000100000000)
  region size 1024K, 6 young (6144K), 1 survivors (1024K)
 Metaspace       used 67770K, committed 68352K, reserved 1114112K
  class space    used 8105K, committed 8384K, reserved 1048576K
}
Event: 4729.908 GC heap after
{Heap after GC invocations=121 (full 9):
 garbage-first heap   total 96256K, used 40942K [0x00000000e1400000, 0x0000000100000000)
  region size 1024K, 1 young (1024K), 1 survivors (1024K)
 Metaspace       used 67770K, committed 68352K, reserved 1114112K
  class space    used 8105K, committed 8384K, reserved 1048576K
}
Event: 4735.073 GC heap before
{Heap before GC invocations=121 (full 9):
 garbage-first heap   total 96256K, used 48110K [0x00000000e1400000, 0x0000000100000000)
  region size 1024K, 9 young (9216K), 1 survivors (1024K)
 Metaspace       used 67788K, committed 68352K, reserved 1114112K
  class space    used 8107K, committed 8384K, reserved 1048576K
}
Event: 4735.094 GC heap after
{Heap after GC invocations=122 (full 9):
 garbage-first heap   total 96256K, used 41825K [0x00000000e1400000, 0x0000000100000000)
  region size 1024K, 2 young (2048K), 2 survivors (2048K)
 Metaspace       used 67788K, committed 68352K, reserved 1114112K
  class space    used 8107K, committed 8384K, reserved 1048576K
}
Event: 4754.587 GC heap before
{Heap before GC invocations=122 (full 9):
 garbage-first heap   total 96256K, used 46945K [0x00000000e1400000, 0x0000000100000000)
  region size 1024K, 7 young (7168K), 2 survivors (2048K)
 Metaspace       used 67831K, committed 68416K, reserved 1114112K
  class space    used 8112K, committed 8384K, reserved 1048576K
}
Event: 4754.660 GC heap after
{Heap after GC invocations=123 (full 9):
 garbage-first heap   total 96256K, used 41633K [0x00000000e1400000, 0x0000000100000000)
  region size 1024K, 1 young (1024K), 1 survivors (1024K)
 Metaspace       used 67831K, committed 68416K, reserved 1114112K
  class space    used 8112K, committed 8384K, reserved 1048576K
}
Event: 4829.494 GC heap before
{Heap before GC invocations=123 (full 9):
 garbage-first heap   total 96256K, used 63137K [0x00000000e1400000, 0x0000000100000000)
  region size 1024K, 23 young (23552K), 1 survivors (1024K)
 Metaspace       used 67845K, committed 68480K, reserved 1114112K
  class space    used 8113K, committed 8384K, reserved 1048576K
}
Event: 4829.814 GC heap after
{Heap after GC invocations=124 (full 9):
 garbage-first heap   total 96256K, used 43326K [0x00000000e1400000, 0x0000000100000000)
  region size 1024K, 2 young (2048K), 2 survivors (2048K)
 Metaspace       used 67845K, committed 68480K, reserved 1114112K
  class space    used 8113K, committed 8384K, reserved 1048576K
}
Event: 4834.177 GC heap before
{Heap before GC invocations=124 (full 9):
 garbage-first heap   total 96256K, used 48446K [0x00000000e1400000, 0x0000000100000000)
  region size 1024K, 7 young (7168K), 2 survivors (2048K)
 Metaspace       used 67862K, committed 68480K, reserved 1114112K
  class space    used 8115K, committed 8384K, reserved 1048576K
}
Event: 4834.365 GC heap after
{Heap after GC invocations=125 (full 9):
 garbage-first heap   total 96256K, used 43421K [0x00000000e1400000, 0x0000000100000000)
  region size 1024K, 1 young (1024K), 1 survivors (1024K)
 Metaspace       used 67862K, committed 68480K, reserved 1114112K
  class space    used 8115K, committed 8384K, reserved 1048576K
}
Event: 4921.316 GC heap before
{Heap before GC invocations=125 (full 9):
 garbage-first heap   total 96256K, used 65949K [0x00000000e1400000, 0x0000000100000000)
  region size 1024K, 23 young (23552K), 1 survivors (1024K)
 Metaspace       used 67909K, committed 68480K, reserved 1114112K
  class space    used 8120K, committed 8384K, reserved 1048576K
}
Event: 4928.959 GC heap after
{Heap after GC invocations=126 (full 9):
 garbage-first heap   total 96256K, used 44177K [0x00000000e1400000, 0x0000000100000000)
  region size 1024K, 2 young (2048K), 2 survivors (2048K)
 Metaspace       used 67909K, committed 68480K, reserved 1114112K
  class space    used 8120K, committed 8384K, reserved 1048576K
}
Event: 4934.974 GC heap before
{Heap before GC invocations=126 (full 9):
 garbage-first heap   total 96256K, used 46225K [0x00000000e1400000, 0x0000000100000000)
  region size 1024K, 4 young (4096K), 2 survivors (2048K)
 Metaspace       used 67910K, committed 68480K, reserved 1114112K
  class space    used 8120K, committed 8384K, reserved 1048576K
}
Event: 4935.128 GC heap after
{Heap after GC invocations=127 (full 9):
 garbage-first heap   total 118784K, used 44377K [0x00000000e1400000, 0x0000000100000000)
  region size 1024K, 1 young (1024K), 1 survivors (1024K)
 Metaspace       used 67910K, committed 68480K, reserved 1114112K
  class space    used 8120K, committed 8384K, reserved 1048576K
}
Event: 4942.002 GC heap before
{Heap before GC invocations=127 (full 9):
 garbage-first heap   total 118784K, used 48473K [0x00000000e1400000, 0x0000000100000000)
  region size 1024K, 5 young (5120K), 1 survivors (1024K)
 Metaspace       used 67911K, committed 68480K, reserved 1114112K
  class space    used 8120K, committed 8384K, reserved 1048576K
}
Event: 4942.060 GC heap after
{Heap after GC invocations=128 (full 9):
 garbage-first heap   total 118784K, used 44358K [0x00000000e1400000, 0x0000000100000000)
  region size 1024K, 1 young (1024K), 1 survivors (1024K)
 Metaspace       used 67911K, committed 68480K, reserved 1114112K
  class space    used 8120K, committed 8384K, reserved 1048576K
}

